<?xml version="1.0" encoding="UTF-8"?>
<testsuite xmlns:xsi="http://www.w3.org/2001/XMLSchema-instance" xsi:noNamespaceSchemaLocation="https://maven.apache.org/surefire/maven-surefire-plugin/xsd/surefire-test-report.xsd" name="com.thesis.kbgenerator.AppTest" time="0.053" tests="1" errors="0" skipped="0" failures="0">
  <properties>
    <property name="sun.desktop" value="gnome"/>
    <property name="awt.toolkit" value="sun.awt.X11.XToolkit"/>
    <property name="java.specification.version" value="10"/>
    <property name="file.encoding.pkg" value="sun.io"/>
    <property name="sun.cpu.isalist" value=""/>
    <property name="sun.jnu.encoding" value="UTF-8"/>
    <property name="java.class.path" value="/home/thomas/thesis/kbgenerator/javaProject/target/test-classes:/home/thomas/thesis/kbgenerator/javaProject/target/classes:/home/thomas/.m2/repository/junit/junit/4.11/junit-4.11.jar:/home/thomas/.m2/repository/org/hamcrest/hamcrest-core/1.3/hamcrest-core-1.3.jar:/home/thomas/.m2/repository/org/rdfhdt/hdt-java-core/2.1-SNAPSHOT/hdt-java-core-2.1-SNAPSHOT.jar:/home/thomas/.m2/repository/org/apache/commons/commons-compress/1.16.1/commons-compress-1.16.1.jar:/home/thomas/.m2/repository/org/objenesis/objenesis/2.6/objenesis-2.6.jar:/home/thomas/.m2/repository/org/apache/jena/jena-core/3.7.0/jena-core-3.7.0.jar:/home/thomas/.m2/repository/org/apache/jena/jena-iri/3.7.0/jena-iri-3.7.0.jar:/home/thomas/.m2/repository/xerces/xercesImpl/2.11.0/xercesImpl-2.11.0.jar:/home/thomas/.m2/repository/xml-apis/xml-apis/1.4.01/xml-apis-1.4.01.jar:/home/thomas/.m2/repository/commons-cli/commons-cli/1.4/commons-cli-1.4.jar:/home/thomas/.m2/repository/commons-codec/commons-codec/1.11/commons-codec-1.11.jar:/home/thomas/.m2/repository/org/apache/jena/jena-base/3.7.0/jena-base-3.7.0.jar:/home/thomas/.m2/repository/org/apache/jena/jena-shaded-guava/3.7.0/jena-shaded-guava-3.7.0.jar:/home/thomas/.m2/repository/org/apache/commons/commons-csv/1.5/commons-csv-1.5.jar:/home/thomas/.m2/repository/org/apache/commons/commons-lang3/3.4/commons-lang3-3.4.jar:/home/thomas/.m2/repository/com/github/andrewoma/dexx/collection/0.7/collection-0.7.jar:/home/thomas/.m2/repository/org/apache/jena/jena-arq/3.7.0/jena-arq-3.7.0.jar:/home/thomas/.m2/repository/org/apache/httpcomponents/httpclient/4.5.3/httpclient-4.5.3.jar:/home/thomas/.m2/repository/org/apache/httpcomponents/httpcore/4.4.6/httpcore-4.4.6.jar:/home/thomas/.m2/repository/org/apache/httpcomponents/httpclient-cache/4.5.3/httpclient-cache-4.5.3.jar:/home/thomas/.m2/repository/org/apache/thrift/libthrift/0.10.0/libthrift-0.10.0.jar:/home/thomas/.m2/repository/pl/edu/icm/JLargeArrays/1.6/JLargeArrays-1.6.jar:/home/thomas/.m2/repository/org/apache/commons/commons-math3/3.5/commons-math3-3.5.jar:/home/thomas/.m2/repository/org/tukaani/xz/1.6/xz-1.6.jar:/home/thomas/.m2/repository/org/rdfhdt/hdt-jena/2.1-SNAPSHOT/hdt-jena-2.1-SNAPSHOT.jar:/home/thomas/.m2/repository/org/slf4j/slf4j-api/1.7.25/slf4j-api-1.7.25.jar:/home/thomas/.m2/repository/com/beust/jcommander/1.72/jcommander-1.72.jar:/home/thomas/.m2/repository/net/sourceforge/owlapi/org.semanticweb.hermit/1.4.3.517/org.semanticweb.hermit-1.4.3.517.jar:/home/thomas/.m2/repository/commons-logging/commons-logging/1.1.3/commons-logging-1.1.3.jar:/home/thomas/.m2/repository/org/apache/ws/commons/axiom/axiom-api/1.2.14/axiom-api-1.2.14.jar:/home/thomas/.m2/repository/org/apache/geronimo/specs/geronimo-activation_1.1_spec/1.1/geronimo-activation_1.1_spec-1.1.jar:/home/thomas/.m2/repository/org/apache/geronimo/specs/geronimo-javamail_1.4_spec/1.7.1/geronimo-javamail_1.4_spec-1.7.1.jar:/home/thomas/.m2/repository/jaxen/jaxen/1.1.4/jaxen-1.1.4.jar:/home/thomas/.m2/repository/org/apache/geronimo/specs/geronimo-stax-api_1.0_spec/1.0.1/geronimo-stax-api_1.0_spec-1.0.1.jar:/home/thomas/.m2/repository/org/apache/james/apache-mime4j-core/0.7.2/apache-mime4j-core-0.7.2.jar:/home/thomas/.m2/repository/org/apache/ws/commons/axiom/axiom-c14n/1.2.14/axiom-c14n-1.2.14.jar:/home/thomas/.m2/repository/org/apache/ws/commons/axiom/axiom-impl/1.2.14/axiom-impl-1.2.14.jar:/home/thomas/.m2/repository/org/codehaus/woodstox/woodstox-core-asl/4.1.4/woodstox-core-asl-4.1.4.jar:/home/thomas/.m2/repository/org/codehaus/woodstox/stax2-api/3.1.1/stax2-api-3.1.1.jar:/home/thomas/.m2/repository/org/apache/ws/commons/axiom/axiom-dom/1.2.14/axiom-dom-1.2.14.jar:/home/thomas/.m2/repository/dk/brics/automaton/automaton/1.11-8/automaton-1.11-8.jar:/home/thomas/.m2/repository/gnu/getopt/java-getopt/1.0.13/java-getopt-1.0.13.jar:/home/thomas/.m2/repository/net/sf/trove4j/trove4j/3.0.3/trove4j-3.0.3.jar:/home/thomas/.m2/repository/net/sourceforge/owlapi/owlapi-distribution/5.1.9/owlapi-distribution-5.1.9.jar:/home/thomas/.m2/repository/net/sourceforge/owlapi/owlapi-compatibility/5.1.9/owlapi-compatibility-5.1.9.jar:/home/thomas/.m2/repository/net/sourceforge/owlapi/owlapi-apibinding/5.1.9/owlapi-apibinding-5.1.9.jar:/home/thomas/.m2/repository/net/sourceforge/owlapi/owlapi-impl/5.1.9/owlapi-impl-5.1.9.jar:/home/thomas/.m2/repository/net/sourceforge/owlapi/owlapi-parsers/5.1.9/owlapi-parsers-5.1.9.jar:/home/thomas/.m2/repository/net/sourceforge/owlapi/owlapi-oboformat/5.1.9/owlapi-oboformat-5.1.9.jar:/home/thomas/.m2/repository/net/sourceforge/owlapi/owlapi-tools/5.1.9/owlapi-tools-5.1.9.jar:/home/thomas/.m2/repository/net/sourceforge/owlapi/owlapi-rio/5.1.9/owlapi-rio-5.1.9.jar:/home/thomas/.m2/repository/com/fasterxml/jackson/core/jackson-core/2.9.7/jackson-core-2.9.7.jar:/home/thomas/.m2/repository/com/fasterxml/jackson/core/jackson-databind/2.9.7/jackson-databind-2.9.7.jar:/home/thomas/.m2/repository/com/fasterxml/jackson/core/jackson-annotations/2.9.7/jackson-annotations-2.9.7.jar:/home/thomas/.m2/repository/org/apache/commons/commons-rdf-api/0.5.0/commons-rdf-api-0.5.0.jar:/home/thomas/.m2/repository/org/slf4j/jcl-over-slf4j/1.7.22/jcl-over-slf4j-1.7.22.jar:/home/thomas/.m2/repository/org/eclipse/rdf4j/rdf4j-model/2.3.2/rdf4j-model-2.3.2.jar:/home/thomas/.m2/repository/org/eclipse/rdf4j/rdf4j-rio-api/2.3.2/rdf4j-rio-api-2.3.2.jar:/home/thomas/.m2/repository/org/eclipse/rdf4j/rdf4j-rio-languages/2.3.2/rdf4j-rio-languages-2.3.2.jar:/home/thomas/.m2/repository/org/eclipse/rdf4j/rdf4j-rio-datatypes/2.3.2/rdf4j-rio-datatypes-2.3.2.jar:/home/thomas/.m2/repository/org/eclipse/rdf4j/rdf4j-rio-binary/2.3.2/rdf4j-rio-binary-2.3.2.jar:/home/thomas/.m2/repository/org/eclipse/rdf4j/rdf4j-rio-n3/2.3.2/rdf4j-rio-n3-2.3.2.jar:/home/thomas/.m2/repository/org/eclipse/rdf4j/rdf4j-rio-nquads/2.3.2/rdf4j-rio-nquads-2.3.2.jar:/home/thomas/.m2/repository/org/eclipse/rdf4j/rdf4j-rio-ntriples/2.3.2/rdf4j-rio-ntriples-2.3.2.jar:/home/thomas/.m2/repository/org/eclipse/rdf4j/rdf4j-rio-rdfjson/2.3.2/rdf4j-rio-rdfjson-2.3.2.jar:/home/thomas/.m2/repository/org/eclipse/rdf4j/rdf4j-rio-jsonld/2.3.2/rdf4j-rio-jsonld-2.3.2.jar:/home/thomas/.m2/repository/org/eclipse/rdf4j/rdf4j-rio-rdfxml/2.3.2/rdf4j-rio-rdfxml-2.3.2.jar:/home/thomas/.m2/repository/org/eclipse/rdf4j/rdf4j-rio-trix/2.3.2/rdf4j-rio-trix-2.3.2.jar:/home/thomas/.m2/repository/org/eclipse/rdf4j/rdf4j-rio-turtle/2.3.2/rdf4j-rio-turtle-2.3.2.jar:/home/thomas/.m2/repository/org/eclipse/rdf4j/rdf4j-rio-trig/2.3.2/rdf4j-rio-trig-2.3.2.jar:/home/thomas/.m2/repository/org/eclipse/rdf4j/rdf4j-util/2.3.2/rdf4j-util-2.3.2.jar:/home/thomas/.m2/repository/com/github/jsonld-java/jsonld-java/0.12.0/jsonld-java-0.12.0.jar:/home/thomas/.m2/repository/org/apache/httpcomponents/httpclient-osgi/4.5.5/httpclient-osgi-4.5.5.jar:/home/thomas/.m2/repository/org/apache/httpcomponents/httpmime/4.5.5/httpmime-4.5.5.jar:/home/thomas/.m2/repository/org/apache/httpcomponents/fluent-hc/4.5.5/fluent-hc-4.5.5.jar:/home/thomas/.m2/repository/org/apache/httpcomponents/httpcore-osgi/4.4.9/httpcore-osgi-4.4.9.jar:/home/thomas/.m2/repository/org/apache/httpcomponents/httpcore-nio/4.4.9/httpcore-nio-4.4.9.jar:/home/thomas/.m2/repository/com/github/vsonnier/hppcrt/0.7.5/hppcrt-0.7.5.jar:/home/thomas/.m2/repository/com/github/ben-manes/caffeine/caffeine/2.6.1/caffeine-2.6.1.jar:/home/thomas/.m2/repository/com/google/guava/guava/22.0/guava-22.0.jar:/home/thomas/.m2/repository/com/google/errorprone/error_prone_annotations/2.0.18/error_prone_annotations-2.0.18.jar:/home/thomas/.m2/repository/com/google/j2objc/j2objc-annotations/1.1/j2objc-annotations-1.1.jar:/home/thomas/.m2/repository/org/codehaus/mojo/animal-sniffer-annotations/1.14/animal-sniffer-annotations-1.14.jar:/home/thomas/.m2/repository/com/google/code/findbugs/jsr305/3.0.2/jsr305-3.0.2.jar:/home/thomas/.m2/repository/commons-io/commons-io/2.5/commons-io-2.5.jar:/home/thomas/.m2/repository/org/slf4j/slf4j-nop/1.7.25/slf4j-nop-1.7.25.jar:/home/thomas/.m2/repository/net/sourceforge/owlapi/jfact/5.0.3/jfact-5.0.3.jar:/home/thomas/.m2/repository/joda-time/joda-time/2.9.7/joda-time-2.9.7.jar:/home/thomas/.m2/repository/org/roaringbitmap/RoaringBitmap/0.6.32/RoaringBitmap-0.6.32.jar:/home/thomas/.m2/repository/com/github/galigator/openllet/openllet-owlapi/2.6.4/openllet-owlapi-2.6.4.jar:/home/thomas/.m2/repository/com/github/galigator/openllet/openllet-core/2.6.4/openllet-core-2.6.4.jar:/home/thomas/.m2/repository/com/github/galigator/openllet/openllet-functions/2.6.4/openllet-functions-2.6.4.jar:/home/thomas/.m2/repository/org/jgrapht/jgrapht-ext/1.1.0/jgrapht-ext-1.1.0.jar:/home/thomas/.m2/repository/org/jgrapht/jgrapht-core/1.1.0/jgrapht-core-1.1.0.jar:/home/thomas/.m2/repository/org/jgrapht/jgrapht-io/1.1.0/jgrapht-io-1.1.0.jar:/home/thomas/.m2/repository/org/antlr/antlr4-runtime/4.6/antlr4-runtime-4.6.jar:/home/thomas/.m2/repository/org/tinyjee/jgraphx/jgraphx/2.0.0.1/jgraphx-2.0.0.1.jar:/home/thomas/.m2/repository/jgraph/jgraph/5.13.0.0/jgraph-5.13.0.0.jar:/home/thomas/.m2/repository/com/github/galigator/openllet/openllet-query/2.6.4/openllet-query-2.6.4.jar:/home/thomas/.m2/repository/com/github/galigator/openllet/openllet-jena/2.6.4/openllet-jena-2.6.4.jar:/home/thomas/.m2/repository/org/antlr/antlr-runtime/3.5.2/antlr-runtime-3.5.2.jar:/home/thomas/.m2/repository/com/github/galigator/openllet/openllet-explanation/2.6.4/openllet-explanation-2.6.4.jar:/home/thomas/.m2/repository/ru/avicomp/ontapi/1.4.0-SNAPSHOT/ontapi-1.4.0-SNAPSHOT.jar:/home/thomas/.m2/repository/net/sourceforge/owlapi/owlapi-api/5.1.9/owlapi-api-5.1.9.jar:/home/thomas/.m2/repository/javax/inject/javax.inject/1/javax.inject-1.jar:/home/thomas/.m2/repository/javax/xml/bind/jaxb-api/2.2.11/jaxb-api-2.2.11.jar:/home/thomas/.m2/repository/com/sun/xml/bind/jaxb-core/2.2.11/jaxb-core-2.2.11.jar:/home/thomas/.m2/repository/com/sun/xml/bind/jaxb-impl/2.2.11/jaxb-impl-2.2.11.jar:/home/thomas/.m2/repository/javax/activation/activation/1.1.1/activation-1.1.1.jar:/home/thomas/.m2/repository/org/jetbrains/annotations/17.0.0/annotations-17.0.0.jar:/home/thomas/.m2/repository/org/rdfhdt/hdt-api/2.1-SNAPSHOT/hdt-api-2.1-SNAPSHOT.jar:"/>
    <property name="java.vm.vendor" value="Oracle Corporation"/>
    <property name="sun.arch.data.model" value="64"/>
    <property name="java.vendor.url" value="http://java.oracle.com/"/>
    <property name="user.timezone" value=""/>
    <property name="java.vm.specification.version" value="10"/>
    <property name="os.name" value="Linux"/>
    <property name="sun.java.launcher" value="SUN_STANDARD"/>
    <property name="user.country" value="US"/>
    <property name="sun.boot.library.path" value="/usr/lib/jvm/java-11-openjdk-amd64/lib"/>
    <property name="sun.java.command" value="/home/thomas/thesis/kbgenerator/javaProject/target/surefire/surefirebooter8218743223841272013.jar /home/thomas/thesis/kbgenerator/javaProject/target/surefire 2019-02-11T19-03-11_867-jvmRun1 surefire5828391679549037116tmp surefire_015153621842351110588tmp"/>
    <property name="jdk.debug" value="release"/>
    <property name="surefire.test.class.path" value="/home/thomas/thesis/kbgenerator/javaProject/target/test-classes:/home/thomas/thesis/kbgenerator/javaProject/target/classes:/home/thomas/.m2/repository/junit/junit/4.11/junit-4.11.jar:/home/thomas/.m2/repository/org/hamcrest/hamcrest-core/1.3/hamcrest-core-1.3.jar:/home/thomas/.m2/repository/org/rdfhdt/hdt-java-core/2.1-SNAPSHOT/hdt-java-core-2.1-SNAPSHOT.jar:/home/thomas/.m2/repository/org/apache/commons/commons-compress/1.16.1/commons-compress-1.16.1.jar:/home/thomas/.m2/repository/org/objenesis/objenesis/2.6/objenesis-2.6.jar:/home/thomas/.m2/repository/org/apache/jena/jena-core/3.7.0/jena-core-3.7.0.jar:/home/thomas/.m2/repository/org/apache/jena/jena-iri/3.7.0/jena-iri-3.7.0.jar:/home/thomas/.m2/repository/xerces/xercesImpl/2.11.0/xercesImpl-2.11.0.jar:/home/thomas/.m2/repository/xml-apis/xml-apis/1.4.01/xml-apis-1.4.01.jar:/home/thomas/.m2/repository/commons-cli/commons-cli/1.4/commons-cli-1.4.jar:/home/thomas/.m2/repository/commons-codec/commons-codec/1.11/commons-codec-1.11.jar:/home/thomas/.m2/repository/org/apache/jena/jena-base/3.7.0/jena-base-3.7.0.jar:/home/thomas/.m2/repository/org/apache/jena/jena-shaded-guava/3.7.0/jena-shaded-guava-3.7.0.jar:/home/thomas/.m2/repository/org/apache/commons/commons-csv/1.5/commons-csv-1.5.jar:/home/thomas/.m2/repository/org/apache/commons/commons-lang3/3.4/commons-lang3-3.4.jar:/home/thomas/.m2/repository/com/github/andrewoma/dexx/collection/0.7/collection-0.7.jar:/home/thomas/.m2/repository/org/apache/jena/jena-arq/3.7.0/jena-arq-3.7.0.jar:/home/thomas/.m2/repository/org/apache/httpcomponents/httpclient/4.5.3/httpclient-4.5.3.jar:/home/thomas/.m2/repository/org/apache/httpcomponents/httpcore/4.4.6/httpcore-4.4.6.jar:/home/thomas/.m2/repository/org/apache/httpcomponents/httpclient-cache/4.5.3/httpclient-cache-4.5.3.jar:/home/thomas/.m2/repository/org/apache/thrift/libthrift/0.10.0/libthrift-0.10.0.jar:/home/thomas/.m2/repository/pl/edu/icm/JLargeArrays/1.6/JLargeArrays-1.6.jar:/home/thomas/.m2/repository/org/apache/commons/commons-math3/3.5/commons-math3-3.5.jar:/home/thomas/.m2/repository/org/tukaani/xz/1.6/xz-1.6.jar:/home/thomas/.m2/repository/org/rdfhdt/hdt-jena/2.1-SNAPSHOT/hdt-jena-2.1-SNAPSHOT.jar:/home/thomas/.m2/repository/org/slf4j/slf4j-api/1.7.25/slf4j-api-1.7.25.jar:/home/thomas/.m2/repository/com/beust/jcommander/1.72/jcommander-1.72.jar:/home/thomas/.m2/repository/net/sourceforge/owlapi/org.semanticweb.hermit/1.4.3.517/org.semanticweb.hermit-1.4.3.517.jar:/home/thomas/.m2/repository/commons-logging/commons-logging/1.1.3/commons-logging-1.1.3.jar:/home/thomas/.m2/repository/org/apache/ws/commons/axiom/axiom-api/1.2.14/axiom-api-1.2.14.jar:/home/thomas/.m2/repository/org/apache/geronimo/specs/geronimo-activation_1.1_spec/1.1/geronimo-activation_1.1_spec-1.1.jar:/home/thomas/.m2/repository/org/apache/geronimo/specs/geronimo-javamail_1.4_spec/1.7.1/geronimo-javamail_1.4_spec-1.7.1.jar:/home/thomas/.m2/repository/jaxen/jaxen/1.1.4/jaxen-1.1.4.jar:/home/thomas/.m2/repository/org/apache/geronimo/specs/geronimo-stax-api_1.0_spec/1.0.1/geronimo-stax-api_1.0_spec-1.0.1.jar:/home/thomas/.m2/repository/org/apache/james/apache-mime4j-core/0.7.2/apache-mime4j-core-0.7.2.jar:/home/thomas/.m2/repository/org/apache/ws/commons/axiom/axiom-c14n/1.2.14/axiom-c14n-1.2.14.jar:/home/thomas/.m2/repository/org/apache/ws/commons/axiom/axiom-impl/1.2.14/axiom-impl-1.2.14.jar:/home/thomas/.m2/repository/org/codehaus/woodstox/woodstox-core-asl/4.1.4/woodstox-core-asl-4.1.4.jar:/home/thomas/.m2/repository/org/codehaus/woodstox/stax2-api/3.1.1/stax2-api-3.1.1.jar:/home/thomas/.m2/repository/org/apache/ws/commons/axiom/axiom-dom/1.2.14/axiom-dom-1.2.14.jar:/home/thomas/.m2/repository/dk/brics/automaton/automaton/1.11-8/automaton-1.11-8.jar:/home/thomas/.m2/repository/gnu/getopt/java-getopt/1.0.13/java-getopt-1.0.13.jar:/home/thomas/.m2/repository/net/sf/trove4j/trove4j/3.0.3/trove4j-3.0.3.jar:/home/thomas/.m2/repository/net/sourceforge/owlapi/owlapi-distribution/5.1.9/owlapi-distribution-5.1.9.jar:/home/thomas/.m2/repository/net/sourceforge/owlapi/owlapi-compatibility/5.1.9/owlapi-compatibility-5.1.9.jar:/home/thomas/.m2/repository/net/sourceforge/owlapi/owlapi-apibinding/5.1.9/owlapi-apibinding-5.1.9.jar:/home/thomas/.m2/repository/net/sourceforge/owlapi/owlapi-impl/5.1.9/owlapi-impl-5.1.9.jar:/home/thomas/.m2/repository/net/sourceforge/owlapi/owlapi-parsers/5.1.9/owlapi-parsers-5.1.9.jar:/home/thomas/.m2/repository/net/sourceforge/owlapi/owlapi-oboformat/5.1.9/owlapi-oboformat-5.1.9.jar:/home/thomas/.m2/repository/net/sourceforge/owlapi/owlapi-tools/5.1.9/owlapi-tools-5.1.9.jar:/home/thomas/.m2/repository/net/sourceforge/owlapi/owlapi-rio/5.1.9/owlapi-rio-5.1.9.jar:/home/thomas/.m2/repository/com/fasterxml/jackson/core/jackson-core/2.9.7/jackson-core-2.9.7.jar:/home/thomas/.m2/repository/com/fasterxml/jackson/core/jackson-databind/2.9.7/jackson-databind-2.9.7.jar:/home/thomas/.m2/repository/com/fasterxml/jackson/core/jackson-annotations/2.9.7/jackson-annotations-2.9.7.jar:/home/thomas/.m2/repository/org/apache/commons/commons-rdf-api/0.5.0/commons-rdf-api-0.5.0.jar:/home/thomas/.m2/repository/org/slf4j/jcl-over-slf4j/1.7.22/jcl-over-slf4j-1.7.22.jar:/home/thomas/.m2/repository/org/eclipse/rdf4j/rdf4j-model/2.3.2/rdf4j-model-2.3.2.jar:/home/thomas/.m2/repository/org/eclipse/rdf4j/rdf4j-rio-api/2.3.2/rdf4j-rio-api-2.3.2.jar:/home/thomas/.m2/repository/org/eclipse/rdf4j/rdf4j-rio-languages/2.3.2/rdf4j-rio-languages-2.3.2.jar:/home/thomas/.m2/repository/org/eclipse/rdf4j/rdf4j-rio-datatypes/2.3.2/rdf4j-rio-datatypes-2.3.2.jar:/home/thomas/.m2/repository/org/eclipse/rdf4j/rdf4j-rio-binary/2.3.2/rdf4j-rio-binary-2.3.2.jar:/home/thomas/.m2/repository/org/eclipse/rdf4j/rdf4j-rio-n3/2.3.2/rdf4j-rio-n3-2.3.2.jar:/home/thomas/.m2/repository/org/eclipse/rdf4j/rdf4j-rio-nquads/2.3.2/rdf4j-rio-nquads-2.3.2.jar:/home/thomas/.m2/repository/org/eclipse/rdf4j/rdf4j-rio-ntriples/2.3.2/rdf4j-rio-ntriples-2.3.2.jar:/home/thomas/.m2/repository/org/eclipse/rdf4j/rdf4j-rio-rdfjson/2.3.2/rdf4j-rio-rdfjson-2.3.2.jar:/home/thomas/.m2/repository/org/eclipse/rdf4j/rdf4j-rio-jsonld/2.3.2/rdf4j-rio-jsonld-2.3.2.jar:/home/thomas/.m2/repository/org/eclipse/rdf4j/rdf4j-rio-rdfxml/2.3.2/rdf4j-rio-rdfxml-2.3.2.jar:/home/thomas/.m2/repository/org/eclipse/rdf4j/rdf4j-rio-trix/2.3.2/rdf4j-rio-trix-2.3.2.jar:/home/thomas/.m2/repository/org/eclipse/rdf4j/rdf4j-rio-turtle/2.3.2/rdf4j-rio-turtle-2.3.2.jar:/home/thomas/.m2/repository/org/eclipse/rdf4j/rdf4j-rio-trig/2.3.2/rdf4j-rio-trig-2.3.2.jar:/home/thomas/.m2/repository/org/eclipse/rdf4j/rdf4j-util/2.3.2/rdf4j-util-2.3.2.jar:/home/thomas/.m2/repository/com/github/jsonld-java/jsonld-java/0.12.0/jsonld-java-0.12.0.jar:/home/thomas/.m2/repository/org/apache/httpcomponents/httpclient-osgi/4.5.5/httpclient-osgi-4.5.5.jar:/home/thomas/.m2/repository/org/apache/httpcomponents/httpmime/4.5.5/httpmime-4.5.5.jar:/home/thomas/.m2/repository/org/apache/httpcomponents/fluent-hc/4.5.5/fluent-hc-4.5.5.jar:/home/thomas/.m2/repository/org/apache/httpcomponents/httpcore-osgi/4.4.9/httpcore-osgi-4.4.9.jar:/home/thomas/.m2/repository/org/apache/httpcomponents/httpcore-nio/4.4.9/httpcore-nio-4.4.9.jar:/home/thomas/.m2/repository/com/github/vsonnier/hppcrt/0.7.5/hppcrt-0.7.5.jar:/home/thomas/.m2/repository/com/github/ben-manes/caffeine/caffeine/2.6.1/caffeine-2.6.1.jar:/home/thomas/.m2/repository/com/google/guava/guava/22.0/guava-22.0.jar:/home/thomas/.m2/repository/com/google/errorprone/error_prone_annotations/2.0.18/error_prone_annotations-2.0.18.jar:/home/thomas/.m2/repository/com/google/j2objc/j2objc-annotations/1.1/j2objc-annotations-1.1.jar:/home/thomas/.m2/repository/org/codehaus/mojo/animal-sniffer-annotations/1.14/animal-sniffer-annotations-1.14.jar:/home/thomas/.m2/repository/com/google/code/findbugs/jsr305/3.0.2/jsr305-3.0.2.jar:/home/thomas/.m2/repository/commons-io/commons-io/2.5/commons-io-2.5.jar:/home/thomas/.m2/repository/org/slf4j/slf4j-nop/1.7.25/slf4j-nop-1.7.25.jar:/home/thomas/.m2/repository/net/sourceforge/owlapi/jfact/5.0.3/jfact-5.0.3.jar:/home/thomas/.m2/repository/joda-time/joda-time/2.9.7/joda-time-2.9.7.jar:/home/thomas/.m2/repository/org/roaringbitmap/RoaringBitmap/0.6.32/RoaringBitmap-0.6.32.jar:/home/thomas/.m2/repository/com/github/galigator/openllet/openllet-owlapi/2.6.4/openllet-owlapi-2.6.4.jar:/home/thomas/.m2/repository/com/github/galigator/openllet/openllet-core/2.6.4/openllet-core-2.6.4.jar:/home/thomas/.m2/repository/com/github/galigator/openllet/openllet-functions/2.6.4/openllet-functions-2.6.4.jar:/home/thomas/.m2/repository/org/jgrapht/jgrapht-ext/1.1.0/jgrapht-ext-1.1.0.jar:/home/thomas/.m2/repository/org/jgrapht/jgrapht-core/1.1.0/jgrapht-core-1.1.0.jar:/home/thomas/.m2/repository/org/jgrapht/jgrapht-io/1.1.0/jgrapht-io-1.1.0.jar:/home/thomas/.m2/repository/org/antlr/antlr4-runtime/4.6/antlr4-runtime-4.6.jar:/home/thomas/.m2/repository/org/tinyjee/jgraphx/jgraphx/2.0.0.1/jgraphx-2.0.0.1.jar:/home/thomas/.m2/repository/jgraph/jgraph/5.13.0.0/jgraph-5.13.0.0.jar:/home/thomas/.m2/repository/com/github/galigator/openllet/openllet-query/2.6.4/openllet-query-2.6.4.jar:/home/thomas/.m2/repository/com/github/galigator/openllet/openllet-jena/2.6.4/openllet-jena-2.6.4.jar:/home/thomas/.m2/repository/org/antlr/antlr-runtime/3.5.2/antlr-runtime-3.5.2.jar:/home/thomas/.m2/repository/com/github/galigator/openllet/openllet-explanation/2.6.4/openllet-explanation-2.6.4.jar:/home/thomas/.m2/repository/ru/avicomp/ontapi/1.4.0-SNAPSHOT/ontapi-1.4.0-SNAPSHOT.jar:/home/thomas/.m2/repository/net/sourceforge/owlapi/owlapi-api/5.1.9/owlapi-api-5.1.9.jar:/home/thomas/.m2/repository/javax/inject/javax.inject/1/javax.inject-1.jar:/home/thomas/.m2/repository/javax/xml/bind/jaxb-api/2.2.11/jaxb-api-2.2.11.jar:/home/thomas/.m2/repository/com/sun/xml/bind/jaxb-core/2.2.11/jaxb-core-2.2.11.jar:/home/thomas/.m2/repository/com/sun/xml/bind/jaxb-impl/2.2.11/jaxb-impl-2.2.11.jar:/home/thomas/.m2/repository/javax/activation/activation/1.1.1/activation-1.1.1.jar:/home/thomas/.m2/repository/org/jetbrains/annotations/17.0.0/annotations-17.0.0.jar:/home/thomas/.m2/repository/org/rdfhdt/hdt-api/2.1-SNAPSHOT/hdt-api-2.1-SNAPSHOT.jar:"/>
    <property name="sun.cpu.endian" value="little"/>
    <property name="user.home" value="/home/thomas"/>
    <property name="user.language" value="en"/>
    <property name="java.specification.vendor" value="Oracle Corporation"/>
    <property name="java.version.date" value="2018-07-17"/>
    <property name="java.home" value="/usr/lib/jvm/java-11-openjdk-amd64"/>
    <property name="file.separator" value="/"/>
    <property name="basedir" value="/home/thomas/thesis/kbgenerator/javaProject"/>
    <property name="java.vm.compressedOopsMode" value="32-bit"/>
    <property name="line.separator" value="&#10;"/>
    <property name="java.specification.name" value="Java Platform API Specification"/>
    <property name="java.vm.specification.vendor" value="Oracle Corporation"/>
    <property name="java.awt.graphicsenv" value="sun.awt.X11GraphicsEnvironment"/>
    <property name="surefire.real.class.path" value="/home/thomas/thesis/kbgenerator/javaProject/target/surefire/surefirebooter8218743223841272013.jar"/>
    <property name="sun.management.compiler" value="HotSpot 64-Bit Tiered Compilers"/>
    <property name="java.runtime.version" value="10.0.2+13-Ubuntu-1ubuntu0.18.04.4"/>
    <property name="user.name" value="thomas"/>
    <property name="path.separator" value=":"/>
    <property name="os.version" value="4.15.0-45-generic"/>
    <property name="java.runtime.name" value="OpenJDK Runtime Environment"/>
    <property name="file.encoding" value="UTF-8"/>
    <property name="java.vm.name" value="OpenJDK 64-Bit Server VM"/>
    <property name="localRepository" value="/home/thomas/.m2/repository"/>
    <property name="java.vendor.url.bug" value="http://bugreport.java.com/bugreport/"/>
    <property name="java.io.tmpdir" value="/tmp"/>
    <property name="java.version" value="10.0.2"/>
    <property name="user.dir" value="/home/thomas/thesis/kbgenerator/javaProject"/>
    <property name="os.arch" value="amd64"/>
    <property name="java.vm.specification.name" value="Java Virtual Machine Specification"/>
    <property name="java.awt.printerjob" value="sun.print.PSPrinterJob"/>
    <property name="sun.os.patch.level" value="unknown"/>
    <property name="java.library.path" value="/usr/java/packages/lib:/usr/lib/x86_64-linux-gnu/jni:/lib/x86_64-linux-gnu:/usr/lib/x86_64-linux-gnu:/usr/lib/jni:/lib:/usr/lib"/>
    <property name="java.vendor" value="Oracle Corporation"/>
    <property name="java.vm.info" value="mixed mode"/>
    <property name="java.vm.version" value="10.0.2+13-Ubuntu-1ubuntu0.18.04.4"/>
    <property name="sun.io.unicode.encoding" value="UnicodeLittle"/>
    <property name="java.class.version" value="54.0"/>
  </properties>
  <testcase name="shouldAnswerWithTrue" classname="com.thesis.kbgenerator.AppTest" time="0.002"/>
</testsuite>